{
  "Cucumber Features": {
    "coverage": {
      "/home/y/code/169/hw2_rottenpotatoes/app/controllers/application_controller.rb": [
        1,
        1,
        null
      ],
      "/home/y/code/169/hw2_rottenpotatoes/app/helpers/application_helper.rb": [
        1,
        null
      ],
      "/home/y/code/169/hw2_rottenpotatoes/app/helpers/movies_helper.rb": [
        1,
        null,
        1,
        0,
        null,
        null
      ],
      "/home/y/code/169/hw2_rottenpotatoes/app/controllers/movies_controller.rb": [
        1,
        null,
        1,
        2,
        2,
        2,
        1,
        1,
        null,
        null,
        null,
        1,
        6,
        6,
        6,
        0,
        0,
        0,
        null,
        null,
        null,
        1,
        null,
        null,
        null,
        null,
        null,
        null,
        null,
        null,
        14,
        14,
        null,
        14,
        null,
        14,
        null,
        14,
        66,
        null,
        null,
        14,
        14,
        14,
        null,
        14,
        1,
        null,
        1,
        null,
        14,
        null,
        null,
        1,
        null,
        2,
        null,
        null,
        1,
        2,
        2,
        1,
        1,
        null,
        1,
        1,
        null,
        null,
        null,
        1,
        1,
        null,
        null,
        1,
        1,
        1,
        1,
        1,
        null,
        null,
        1,
        1,
        1,
        1,
        1,
        null,
        null
      ],
      "/home/y/code/169/hw2_rottenpotatoes/app/models/movie.rb": [
        1,
        1,
        null,
        1,
        2,
        2,
        1,
        null,
        1,
        null,
        null,
        1,
        0,
        null,
        1,
        0,
        null,
        null,
        1,
        0,
        null,
        1,
        0,
        null,
        null,
        null,
        1,
        14,
        null,
        null,
        1,
        14,
        14,
        null,
        null,
        null,
        1,
        14,
        0,
        null,
        14,
        14,
        64,
        null,
        14,
        null,
        null,
        1,
        0,
        0,
        0,
        null,
        0,
        null,
        0,
        null,
        null
      ]
    },
    "timestamp": 1375596332
  },
  "RSpec": {
    "coverage": {
      "/home/y/code/169/hw2_rottenpotatoes/app/controllers/application_controller.rb": [
        1,
        1,
        null
      ],
      "/home/y/code/169/hw2_rottenpotatoes/app/helpers/application_helper.rb": [
        1,
        null
      ],
      "/home/y/code/169/hw2_rottenpotatoes/app/helpers/movies_helper.rb": [
        1,
        null,
        1,
        0,
        null,
        null
      ],
      "/home/y/code/169/hw2_rottenpotatoes/app/controllers/movies_controller.rb": [
        1,
        null,
        1,
        2,
        2,
        2,
        1,
        1,
        null,
        null,
        null,
        1,
        1,
        1,
        1,
        1,
        1,
        1,
        null,
        null,
        null,
        1,
        null,
        null,
        null,
        null,
        null,
        null,
        null,
        null,
        3,
        3,
        null,
        3,
        null,
        3,
        null,
        3,
        18,
        null,
        null,
        3,
        3,
        3,
        null,
        3,
        1,
        null,
        1,
        null,
        3,
        null,
        null,
        1,
        null,
        1,
        null,
        null,
        1,
        2,
        2,
        1,
        1,
        null,
        1,
        1,
        null,
        null,
        null,
        1,
        1,
        null,
        null,
        1,
        1,
        1,
        1,
        1,
        null,
        null,
        1,
        1,
        1,
        1,
        1,
        null,
        null
      ],
      "/home/y/code/169/hw2_rottenpotatoes/app/models/movie.rb": [
        1,
        1,
        null,
        1,
        3,
        3,
        2,
        null,
        1,
        null,
        null,
        1,
        4,
        null,
        null,
        1,
        null,
        5,
        5,
        null,
        null,
        null,
        1,
        null,
        5,
        1,
        null,
        null,
        4,
        4,
        16,
        null,
        null,
        4,
        null,
        null,
        null
      ]
    },
    "timestamp": 1375601050
  }
}
